[2020-08-20 06:57:35,003] Creating new snapshots
[2020-08-20 06:57:35,239] Unable to take snapshot: Cannot take snapshot while server is locked
[2020-08-20 06:59:09,953] Creating new snapshots
[2020-08-20 06:59:10,207] {"SNAPSHOTID":"dae5f3e1f3e17"}
[2020-08-20 07:19:36,996] Creating new snapshots
[2020-08-20 07:19:37,365] {"SNAPSHOTID":"9be5f3e24093d"}
[2020-08-21 11:30:04,016] Creating new snapshots
[2020-08-21 11:30:04,360] {"SNAPSHOTID":"6125f3f3fbc3c"}
[2020-08-22 11:30:03,399] Creating new snapshots
[2020-08-22 11:30:03,666] {"SNAPSHOTID":"4495f40913b88"}
[2020-08-23 08:49:18,659] Creating new snapshots
[2020-08-23 08:49:18,951] {"SNAPSHOTID":"fe15f41bd0ece"}
[2020-08-24 03:30:03,656] Creating new snapshots
[2020-08-24 03:30:03,919] {"SNAPSHOTID":"8025f42c3bbc5"}
[2020-08-25 03:30:04,321] Removing backup db05f3e1776eb
[2020-08-25 03:30:04,629] 
[2020-08-25 03:30:04,629] Creating new snapshots
[2020-08-25 03:30:04,998] {"SNAPSHOTID":"1ad5f44153cd8"}
[2020-08-26 03:30:04,089] Removing backup 5695f3e1b755c
[2020-08-26 03:30:04,390] 
[2020-08-26 03:30:04,390] Creating new snapshots
[2020-08-26 03:30:04,743] {"SNAPSHOTID":"cb95f4566bc9b"}
[2020-08-27 03:30:04,396] Removing backup c6b5f3e1d7dbb
[2020-08-27 03:30:04,627] 
[2020-08-27 03:30:04,627] Creating new snapshots
[2020-08-27 03:30:04,887] {"SNAPSHOTID":"7465f46b83cbd"}
[2020-08-28 03:30:04,153] Removing backup dae5f3e1f3e17
[2020-08-28 03:30:04,383] 
[2020-08-28 03:30:04,383] Creating new snapshots
[2020-08-28 03:30:04,728] {"SNAPSHOTID":"4765f4809bc96"}
[2020-08-29 03:30:03,332] Removing backup 9be5f3e24093d
[2020-08-29 03:30:03,560] 
[2020-08-29 03:30:03,560] Creating new snapshots
[2020-08-29 03:30:03,827] {"SNAPSHOTID":"38c5f495b3bae"}
[2020-08-30 03:30:04,184] Removing backup bae5f3f10d027
[2020-08-30 03:30:04,456] 
[2020-08-30 03:30:04,457] Creating new snapshots
[2020-08-30 03:30:04,750] {"SNAPSHOTID":"65b5f4aacbc9d"}
[2020-08-31 03:30:03,793] Removing backup 6125f3f3fbc3c
[2020-08-31 03:30:04,118] 
[2020-08-31 03:30:04,118] Creating new snapshots
[2020-08-31 03:30:04,453] {"SNAPSHOTID":"7a5f4bfe3c51e"}
[2020-09-01 03:30:03,734] Removing backup 4495f40913b88
[2020-09-01 03:30:03,951] 
[2020-09-01 03:30:03,951] Creating new snapshots
[2020-09-01 03:30:04,208] {"SNAPSHOTID":"8b15f4d4fbc17"}
[2020-09-02 03:30:04,496] Removing backup fe15f41bd0ece
[2020-09-02 03:30:04,843] 
[2020-09-02 03:30:04,843] Creating new snapshots
[2020-09-02 03:30:05,107] {"SNAPSHOTID":"a2d5f4ea13cf2"}
[2020-09-03 03:30:03,643] Removing backup 8025f42c3bbc5
[2020-09-03 03:30:03,929] 
[2020-09-03 03:30:03,929] Creating new snapshots
[2020-09-03 03:30:04,239] {"SNAPSHOTID":"f735f4ff2bc1c"}
[2020-09-04 03:30:04,127] Removing backup 1ad5f44153cd8
[2020-09-04 03:30:04,354] 
[2020-09-04 03:30:04,354] Creating new snapshots
[2020-09-04 03:30:04,633] {"SNAPSHOTID":"6ab5f51443c7d"}
[2020-09-05 03:30:04,057] Removing backup 9b85f447e8c25
[2020-09-05 03:30:04,374] 
[2020-09-05 03:30:04,374] Creating new snapshots
[2020-09-05 03:30:04,734] {"SNAPSHOTID":"5bc5f5295bc96"}
[2020-09-06 03:30:03,514] Removing backup cb95f4566bc9b
[2020-09-06 03:30:03,773] 
[2020-09-06 03:30:03,774] Creating new snapshots
[2020-09-06 03:30:04,053] {"SNAPSHOTID":"9565f53e73be5"}
[2020-09-07 03:30:04,086] Removing backup 7465f46b83cbd
[2020-09-07 03:30:04,429] 
[2020-09-07 03:30:04,429] Creating new snapshots
[2020-09-07 03:30:04,804] {"SNAPSHOTID":"c845f5538bca8"}
[2020-09-08 03:30:03,838] Removing backup 4765f4809bc96
[2020-09-08 03:30:04,108] 
[2020-09-08 03:30:04,108] Creating new snapshots
[2020-09-08 03:30:04,367] {"SNAPSHOTID":"cee5f568a3c3e"}
[2020-09-09 03:30:03,766] Removing backup 38c5f495b3bae
[2020-09-09 03:30:03,986] 
[2020-09-09 03:30:03,987] Creating new snapshots
[2020-09-09 03:30:04,237] {"SNAPSHOTID":"4a5f57dbbc1e9"}
[2020-09-10 03:30:04,190] Removing backup 65b5f4aacbc9d
[2020-09-10 03:30:04,489] 
[2020-09-10 03:30:04,489] Creating new snapshots
[2020-09-10 03:30:04,829] {"SNAPSHOTID":"c5e5f592d3cae"}
[2020-09-11 03:30:04,158] Removing backup 7a5f4bfe3c51e
[2020-09-11 03:30:04,473] 
[2020-09-11 03:30:04,473] Creating new snapshots
[2020-09-11 03:30:04,740] {"SNAPSHOTID":"c485f5a7ebc97"}
[2020-09-12 03:30:04,212] Removing backup 8b15f4d4fbc17
[2020-09-12 03:30:04,557] 
[2020-09-12 03:30:04,558] Creating new snapshots
[2020-09-12 03:30:04,892] {"SNAPSHOTID":"65e5f5bd03cbd"}
[2020-09-13 03:30:03,495] Removing backup a2d5f4ea13cf2
[2020-09-13 03:30:03,725] 
[2020-09-13 03:30:03,725] Creating new snapshots
[2020-09-13 03:30:04,077] {"SNAPSHOTID":"1c55f5d21bbea"}
[2020-09-14 03:30:03,330] Removing backup f735f4ff2bc1c
[2020-09-14 03:30:03,656] 
[2020-09-14 03:30:03,656] Creating new snapshots
[2020-09-14 03:30:03,949] {"SNAPSHOTID":"c8d5f5e733bcb"}
[2020-09-15 03:30:03,623] Removing backup 6ab5f51443c7d
[2020-09-15 03:30:03,905] 
[2020-09-15 03:30:03,905] Creating new snapshots
[2020-09-15 03:30:04,181] {"SNAPSHOTID":"a9c5f5fc4bc0f"}
[2020-09-16 03:30:03,785] Removing backup 5bc5f5295bc96
[2020-09-16 03:30:04,018] 
[2020-09-16 03:30:04,018] Creating new snapshots
[2020-09-16 03:30:04,369] {"SNAPSHOTID":"8f25f61163c3d"}
[2020-09-17 03:30:03,796] Removing backup 9565f53e73be5
[2020-09-17 03:30:04,077] 
[2020-09-17 03:30:04,078] Creating new snapshots
[2020-09-17 03:30:04,459] {"SNAPSHOTID":"f585f6267bc53"}
[2020-09-18 03:30:04,144] Removing backup c845f5538bca8
[2020-09-18 03:30:04,389] 
[2020-09-18 03:30:04,389] Creating new snapshots
[2020-09-18 03:30:04,751] {"SNAPSHOTID":"72d5f63b93c9a"}
[2020-09-19 03:30:03,906] Removing backup cee5f568a3c3e
[2020-09-19 03:30:04,240] 
[2020-09-19 03:30:04,240] Creating new snapshots
[2020-09-19 03:30:04,503] {"SNAPSHOTID":"b7c5f650abc5d"}
[2020-09-20 03:30:03,810] Removing backup 4a5f57dbbc1e9
[2020-09-20 03:30:04,078] 
[2020-09-20 03:30:04,078] Creating new snapshots
[2020-09-20 03:30:04,383] {"SNAPSHOTID":"81f5f665c3c40"}
[2020-09-21 03:30:04,212] Removing backup c5e5f592d3cae
[2020-09-21 03:30:04,541] 
[2020-09-21 03:30:04,542] Creating new snapshots
[2020-09-21 03:30:04,806] {"SNAPSHOTID":"2dc5f67adbca8"}
[2020-09-22 03:30:03,347] Removing backup c485f5a7ebc97
[2020-09-22 03:30:03,688] 
[2020-09-22 03:30:03,688] Creating new snapshots
[2020-09-22 03:30:04,030] {"SNAPSHOTID":"fa05f68ff3bde"}
